# JRE version: Java(TM) SE Runtime Environment (19.0.2+7) (build 19.0.2+7-44)
# Java VM: Java HotSpot(TM) 64-Bit Server VM (19.0.2+7-44, mixed mode, sharing, tiered, compressed oops, compressed class ptrs, g1 gc, windows-amd64)
GC Precious Log:
 CardTable entry size: 512
 Card Set container configuration: InlinePtr #cards 4 size 8 Array Of Cards #cards 64 size 144 Howl #buckets 8 coarsen threshold 14745 Howl Bitmap #cards 2048 size 272 coarsen threshold 1843 Card regions per heap region 1 cards per card region 16384
 CPUs: 8 total, 8 available
 Memory: 8007M
 Large Page Support: Disabled
 NUMA Support: Disabled
 Compressed Oops: Enabled (Zero based)
 Heap Region Size: 8M
 Heap Min Capacity: 8M
 Heap Initial Capacity: 128M
 Heap Max Capacity: 16G
 Pre-touch: Disabled
 Parallel Workers: 8
 Concurrent Workers: 2
 Concurrent Refinement Workers: 8
 Periodic GC: Disabled
Heap:
 garbage-first heap   total 2359296K, used 1346572K [0x0000000400000000, 0x0000000800000000)
  region size 8192K, 3 young (24576K), 3 survivors (24576K)
 Metaspace       used 25279K, committed 25600K, reserved 1114112K
  class space    used 3594K, committed 3776K, reserved 1048576K
GC Heap History (20 events):
Event: 15.689 GC heap after
{Heap after GC invocations=15 (full 0):
 garbage-first heap   total 786432K, used 254667K [0x0000000400000000, 0x0000000800000000)
  region size 8192K, 2 young (16384K), 2 survivors (16384K)
 Metaspace       used 25204K, committed 25536K, reserved 1114112K
  class space    used 3575K, committed 3712K, reserved 1048576K
}
Event: 15.844 GC heap before
{Heap before GC invocations=16 (full 0):
 garbage-first heap   total 786432K, used 352971K [0x0000000400000000, 0x0000000800000000)
  region size 8192K, 14 young (114688K), 2 survivors (16384K)
 Metaspace       used 25204K, committed 25536K, reserved 1114112K
  class space    used 3575K, committed 3712K, reserved 1048576K
}
Event: 15.940 GC heap after
{Heap after GC invocations=17 (full 0):
 garbage-first heap   total 786432K, used 347780K [0x0000000400000000, 0x0000000800000000)
  region size 8192K, 2 young (16384K), 2 survivors (16384K)
 Metaspace       used 25204K, committed 25536K, reserved 1114112K
  class space    used 3575K, committed 3712K, reserved 1048576K
}
Event: 15.958 GC heap before
{Heap before GC invocations=17 (full 0):
 garbage-first heap   total 786432K, used 364164K [0x0000000400000000, 0x0000000800000000)
  region size 8192K, 4 young (32768K), 2 survivors (16384K)
 Metaspace       used 25204K, committed 25536K, reserved 1114112K
  class space    used 3575K, committed 3712K, reserved 1048576K
}
Event: 15.998 GC heap after
{Heap after GC invocations=18 (full 0):
 garbage-first heap   total 786432K, used 366362K [0x0000000400000000, 0x0000000800000000)
  region size 8192K, 1 young (8192K), 1 survivors (8192K)
 Metaspace       used 25204K, committed 25536K, reserved 1114112K
  class space    used 3575K, committed 3712K, reserved 1048576K
}
Event: 16.115 GC heap before
{Heap before GC invocations=18 (full 0):
 garbage-first heap   total 786432K, used 464666K [0x0000000400000000, 0x0000000800000000)
  region size 8192K, 13 young (106496K), 1 survivors (8192K)
 Metaspace       used 25204K, committed 25536K, reserved 1114112K
  class space    used 3575K, committed 3712K, reserved 1048576K
}
Event: 16.209 GC heap after
{Heap after GC invocations=19 (full 0):
 garbage-first heap   total 786432K, used 458732K [0x0000000400000000, 0x0000000800000000)
  region size 8192K, 2 young (16384K), 2 survivors (16384K)
 Metaspace       used 25204K, committed 25536K, reserved 1114112K
  class space    used 3575K, committed 3712K, reserved 1048576K
}
Event: 16.354 GC heap before
{Heap before GC invocations=19 (full 0):
 garbage-first heap   total 786432K, used 532460K [0x0000000400000000, 0x0000000800000000)
  region size 8192K, 11 young (90112K), 2 survivors (16384K)
 Metaspace       used 25204K, committed 25536K, reserved 1114112K
  class space    used 3575K, committed 3712K, reserved 1048576K
}
Event: 16.444 GC heap after
{Heap after GC invocations=20 (full 0):
 garbage-first heap   total 2359296K, used 530675K [0x0000000400000000, 0x0000000800000000)
  region size 8192K, 2 young (16384K), 2 survivors (16384K)
 Metaspace       used 25204K, committed 25536K, reserved 1114112K
  class space    used 3575K, committed 3712K, reserved 1048576K
}
Event: 16.690 GC heap before
{Heap before GC invocations=20 (full 0):
 garbage-first heap   total 2359296K, used 645363K [0x0000000400000000, 0x0000000800000000)
  region size 8192K, 16 young (131072K), 2 survivors (16384K)
 Metaspace       used 25204K, committed 25536K, reserved 1114112K
  class space    used 3575K, committed 3712K, reserved 1048576K
}
Event: 16.802 GC heap after
{Heap after GC invocations=21 (full 0):
 garbage-first heap   total 2359296K, used 638895K [0x0000000400000000, 0x0000000800000000)
  region size 8192K, 2 young (16384K), 2 survivors (16384K)
 Metaspace       used 25204K, committed 25536K, reserved 1114112K
  class space    used 3575K, committed 3712K, reserved 1048576K
}
Event: 17.336 GC heap before
{Heap before GC invocations=21 (full 0):
 garbage-first heap   total 2351104K, used 778159K [0x0000000400000000, 0x0000000800000000)
  region size 8192K, 20 young (163840K), 2 survivors (16384K)
 Metaspace       used 25204K, committed 25536K, reserved 1114112K
  class space    used 3575K, committed 3712K, reserved 1048576K
}
Event: 17.463 GC heap after
{Heap after GC invocations=22 (full 0):
 garbage-first heap   total 2351104K, used 780469K [0x0000000400000000, 0x0000000800000000)
  region size 8192K, 3 young (24576K), 3 survivors (24576K)
 Metaspace       used 25204K, committed 25536K, reserved 1114112K
  class space    used 3575K, committed 3712K, reserved 1048576K
}
Event: 17.755 GC heap before
{Heap before GC invocations=23 (full 0):
 garbage-first heap   total 2351104K, used 985269K [0x0000000400000000, 0x0000000800000000)
  region size 8192K, 27 young (221184K), 3 survivors (24576K)
 Metaspace       used 25204K, committed 25536K, reserved 1114112K
  class space    used 3575K, committed 3712K, reserved 1048576K
}
Event: 17.944 GC heap after
{Heap after GC invocations=24 (full 0):
 garbage-first heap   total 2351104K, used 974274K [0x0000000400000000, 0x0000000800000000)
  region size 8192K, 4 young (32768K), 4 survivors (32768K)
 Metaspace       used 25204K, committed 25536K, reserved 1114112K
  class space    used 3575K, committed 3712K, reserved 1048576K
}
Event: 18.156 GC heap before
{Heap before GC invocations=24 (full 0):
 garbage-first heap   total 2351104K, used 1048002K [0x0000000400000000, 0x0000000800000000)
  region size 8192K, 14 young (114688K), 4 survivors (32768K)
 Metaspace       used 25204K, committed 25536K, reserved 1114112K
  class space    used 3575K, committed 3712K, reserved 1048576K
}
Event: 18.271 GC heap after
{Heap after GC invocations=25 (full 0):
 garbage-first heap   total 2351104K, used 1053963K [0x0000000400000000, 0x0000000800000000)
  region size 8192K, 2 young (16384K), 2 survivors (16384K)
 Metaspace       used 25204K, committed 25536K, reserved 1114112K
  class space    used 3575K, committed 3712K, reserved 1048576K
}
Event: 18.416 GC heap before
{Heap before GC invocations=25 (full 0):
 garbage-first heap   total 2351104K, used 1193227K [0x0000000400000000, 0x0000000800000000)
  region size 8192K, 20 young (163840K), 2 survivors (16384K)
 Metaspace       used 25204K, committed 25536K, reserved 1114112K
  class space    used 3575K, committed 3712K, reserved 1048576K
}
Event: 18.556 GC heap after
{Heap after GC invocations=26 (full 0):
 garbage-first heap   total 2351104K, used 1195567K [0x0000000400000000, 0x0000000800000000)
  region size 8192K, 3 young (24576K), 3 survivors (24576K)
 Metaspace       used 25204K, committed 25536K, reserved 1114112K
  class space    used 3575K, committed 3712K, reserved 1048576K
}
Event: 19.023 GC heap before
{Heap before GC invocations=26 (full 0):
 garbage-first heap   total 2351104K, used 1351215K [0x0000000400000000, 0x0000000800000000)
  region size 8192K, 22 young (180224K), 3 survivors (24576K)
 Metaspace       used 25279K, committed 25600K, reserved 1114112K
  class space    used 3594K, committed 3776K, reserved 1048576K
}

