# JRE version: Java(TM) SE Runtime Environment (19.0.2+7) (build 19.0.2+7-44)
# Java VM: Java HotSpot(TM) 64-Bit Server VM (19.0.2+7-44, mixed mode, sharing, tiered, compressed class ptrs, g1 gc, windows-amd64)
GC Precious Log:
 CardTable entry size: 512
 Card Set container configuration: InlinePtr #cards 3 size 8 Array Of Cards #cards 256 size 528 Howl #buckets 8 coarsen threshold 58982 Howl Bitmap #cards 8192 size 1040 coarsen threshold 7372 Card regions per heap region 1 cards per card region 65536
 CPUs: 8 total, 8 available
 Memory: 8007M
 Large Page Support: Disabled
 NUMA Support: Disabled
 Compressed Oops: Disabled
 Heap Region Size: 32M
 Heap Min Capacity: 32M
 Heap Initial Capacity: 128M
 Heap Max Capacity: 64G
 Pre-touch: Disabled
 Parallel Workers: 8
 Concurrent Workers: 2
 Concurrent Refinement Workers: 8
 Periodic GC: Disabled
Heap:
 garbage-first heap   total 10616832K, used 2570092K [0x0000015fe8000000, 0x0000016fe8000000)
  region size 32768K, 2 young (65536K), 2 survivors (65536K)
 Metaspace       used 25708K, committed 26048K, reserved 1114112K
  class space    used 3640K, committed 3776K, reserved 1048576K
GC Heap History (20 events):
Event: 23.544 GC heap after
{Heap after GC invocations=16 (full 0):
 garbage-first heap   total 1179648K, used 406394K [0x0000015fe8000000, 0x0000016fe8000000)
  region size 32768K, 1 young (32768K), 1 survivors (32768K)
 Metaspace       used 25210K, committed 25536K, reserved 1114112K
  class space    used 3578K, committed 3712K, reserved 1048576K
}
Event: 23.690 GC heap before
{Heap before GC invocations=16 (full 0):
 garbage-first heap   total 1179648K, used 504698K [0x0000015fe8000000, 0x0000016fe8000000)
  region size 32768K, 4 young (131072K), 1 survivors (32768K)
 Metaspace       used 25210K, committed 25536K, reserved 1114112K
  class space    used 3578K, committed 3712K, reserved 1048576K
}
Event: 23.765 GC heap after
{Heap after GC invocations=17 (full 0):
 garbage-first heap   total 1179648K, used 499465K [0x0000015fe8000000, 0x0000016fe8000000)
  region size 32768K, 1 young (32768K), 1 survivors (32768K)
 Metaspace       used 25210K, committed 25536K, reserved 1114112K
  class space    used 3578K, committed 3712K, reserved 1048576K
}
Event: 23.887 GC heap before
{Heap before GC invocations=18 (full 0):
 garbage-first heap   total 1179648K, used 630537K [0x0000015fe8000000, 0x0000016fe8000000)
  region size 32768K, 5 young (163840K), 1 survivors (32768K)
 Metaspace       used 25210K, committed 25536K, reserved 1114112K
  class space    used 3578K, committed 3712K, reserved 1048576K
}
Event: 24.019 GC heap after
{Heap after GC invocations=19 (full 0):
 garbage-first heap   total 3538944K, used 626258K [0x0000015fe8000000, 0x0000016fe8000000)
  region size 32768K, 1 young (32768K), 1 survivors (32768K)
 Metaspace       used 25210K, committed 25536K, reserved 1114112K
  class space    used 3578K, committed 3712K, reserved 1048576K
}
Event: 24.358 GC heap before
{Heap before GC invocations=19 (full 0):
 garbage-first heap   total 3538944K, used 724562K [0x0000015fe8000000, 0x0000016fe8000000)
  region size 32768K, 5 young (163840K), 1 survivors (32768K)
 Metaspace       used 25210K, committed 25536K, reserved 1114112K
  class space    used 3578K, committed 3712K, reserved 1048576K
}
Event: 24.594 GC heap after
{Heap after GC invocations=20 (full 0):
 garbage-first heap   total 3538944K, used 736152K [0x0000015fe8000000, 0x0000016fe8000000)
  region size 32768K, 1 young (32768K), 1 survivors (32768K)
 Metaspace       used 25210K, committed 25536K, reserved 1114112K
  class space    used 3578K, committed 3712K, reserved 1048576K
}
Event: 24.681 GC heap before
{Heap before GC invocations=20 (full 0):
 garbage-first heap   total 3538944K, used 867224K [0x0000015fe8000000, 0x0000016fe8000000)
  region size 32768K, 5 young (163840K), 1 survivors (32768K)
 Metaspace       used 25210K, committed 25536K, reserved 1114112K
  class space    used 3578K, committed 3712K, reserved 1048576K
}
Event: 24.796 GC heap after
{Heap after GC invocations=21 (full 0):
 garbage-first heap   total 3538944K, used 863840K [0x0000015fe8000000, 0x0000016fe8000000)
  region size 32768K, 1 young (32768K), 1 survivors (32768K)
 Metaspace       used 25210K, committed 25536K, reserved 1114112K
  class space    used 3578K, committed 3712K, reserved 1048576K
}
Event: 24.887 GC heap before
{Heap before GC invocations=21 (full 0):
 garbage-first heap   total 3538944K, used 994912K [0x0000015fe8000000, 0x0000016fe8000000)
  region size 32768K, 5 young (163840K), 1 survivors (32768K)
 Metaspace       used 25210K, committed 25536K, reserved 1114112K
  class space    used 3578K, committed 3712K, reserved 1048576K
}
Event: 24.985 GC heap after
{Heap after GC invocations=22 (full 0):
 garbage-first heap   total 3538944K, used 991478K [0x0000015fe8000000, 0x0000016fe8000000)
  region size 32768K, 1 young (32768K), 1 survivors (32768K)
 Metaspace       used 25210K, committed 25536K, reserved 1114112K
  class space    used 3578K, committed 3712K, reserved 1048576K
}
Event: 25.399 GC heap before
{Heap before GC invocations=22 (full 0):
 garbage-first heap   total 3538944K, used 1122550K [0x0000015fe8000000, 0x0000016fe8000000)
  region size 32768K, 5 young (163840K), 1 survivors (32768K)
 Metaspace       used 25210K, committed 25536K, reserved 1114112K
  class space    used 3578K, committed 3712K, reserved 1048576K
}
Event: 25.552 GC heap after
{Heap after GC invocations=23 (full 0):
 garbage-first heap   total 10616832K, used 1116991K [0x0000015fe8000000, 0x0000016fe8000000)
  region size 32768K, 1 young (32768K), 1 survivors (32768K)
 Metaspace       used 25210K, committed 25536K, reserved 1114112K
  class space    used 3578K, committed 3712K, reserved 1048576K
}
Event: 26.521 GC heap before
{Heap before GC invocations=23 (full 0):
 garbage-first heap   total 10616832K, used 1608511K [0x0000015fe8000000, 0x0000016fe8000000)
  region size 32768K, 16 young (524288K), 1 survivors (32768K)
 Metaspace       used 25210K, committed 25536K, reserved 1114112K
  class space    used 3578K, committed 3712K, reserved 1048576K
}
Event: 26.891 GC heap after
{Heap after GC invocations=24 (full 0):
 garbage-first heap   total 10616832K, used 1579762K [0x0000015fe8000000, 0x0000016fe8000000)
  region size 32768K, 2 young (65536K), 2 survivors (65536K)
 Metaspace       used 25210K, committed 25536K, reserved 1114112K
  class space    used 3578K, committed 3712K, reserved 1048576K
}
Event: 27.930 GC heap before
{Heap before GC invocations=24 (full 0):
 garbage-first heap   total 10616832K, used 2038514K [0x0000015fe8000000, 0x0000016fe8000000)
  region size 32768K, 16 young (524288K), 2 survivors (65536K)
 Metaspace       used 25292K, committed 25664K, reserved 1114112K
  class space    used 3597K, committed 3776K, reserved 1048576K
}
Event: 28.443 GC heap after
{Heap after GC invocations=25 (full 0):
 garbage-first heap   total 10616832K, used 1998324K [0x0000015fe8000000, 0x0000016fe8000000)
  region size 32768K, 2 young (65536K), 2 survivors (65536K)
 Metaspace       used 25292K, committed 25664K, reserved 1114112K
  class space    used 3597K, committed 3776K, reserved 1048576K
}
Event: 31.286 GC heap before
{Heap before GC invocations=25 (full 0):
 garbage-first heap   total 10616832K, used 2424308K [0x0000015fe8000000, 0x0000016fe8000000)
  region size 32768K, 16 young (524288K), 2 survivors (65536K)
 Metaspace       used 25477K, committed 25856K, reserved 1114112K
  class space    used 3619K, committed 3776K, reserved 1048576K
}
Event: 31.565 GC heap after
{Heap after GC invocations=26 (full 0):
 garbage-first heap   total 10616832K, used 2180839K [0x0000015fe8000000, 0x0000016fe8000000)
  region size 32768K, 2 young (65536K), 2 survivors (65536K)
 Metaspace       used 25477K, committed 25856K, reserved 1114112K
  class space    used 3619K, committed 3776K, reserved 1048576K
}
Event: 32.944 GC heap before
{Heap before GC invocations=26 (full 0):
 garbage-first heap   total 10616832K, used 2639591K [0x0000015fe8000000, 0x0000016fe8000000)
  region size 32768K, 16 young (524288K), 2 survivors (65536K)
 Metaspace       used 25708K, committed 26048K, reserved 1114112K
  class space    used 3640K, committed 3776K, reserved 1048576K
}

